{"C:\\Projects\\spfx-react-jest-testing\\src\\webparts\\iceCreamShop\\components\\IceCreamShop.tsx": {"path":"C:\\Projects\\spfx-react-jest-testing\\src\\webparts\\iceCreamShop\\components\\IceCreamShop.tsx","statementMap":{"0":{"start":{"line":1,"column":0},"end":{"line":1,"column":-1}},"1":{"start":{"line":2,"column":0},"end":{"line":2,"column":-1}},"2":{"start":{"line":8,"column":0},"end":{"line":8,"column":-1}},"3":{"start":{"line":8,"column":42},"end":{"line":null,"column":-1}},"4":{"start":{"line":9,"column":2},"end":{"line":10,"column":3}},"5":{"start":{"line":21,"column":9},"end":{"line":8,"column":0}},"6":{"start":{"line":21,"column":2},"end":{"line":21,"column":1}},"7":{"start":{"line":23,"column":4},"end":{"line":null,"column":-1}},"8":{"start":{"line":24,"column":6},"end":{"line":null,"column":-1}},"9":{"start":{"line":26,"column":8},"end":{"line":24,"column":46}},"10":{"start":{"line":27,"column":8},"end":{"line":null,"column":-1}},"11":{"start":{"line":32,"column":9},"end":{"line":8,"column":0}},"12":{"start":{"line":32,"column":2},"end":{"line":32,"column":1}},"13":{"start":{"line":33,"column":4},"end":{"line":null,"column":-1}},"14":{"start":{"line":44,"column":27},"end":{"line":44,"column":20}},"15":{"start":{"line":81,"column":9},"end":{"line":8,"column":0}},"16":{"start":{"line":83,"column":4},"end":{"line":null,"column":-1}},"17":{"start":{"line":84,"column":6},"end":{"line":83,"column":44}},"18":{"start":{"line":85,"column":6},"end":{"line":83,"column":44}},"19":{"start":{"line":86,"column":6},"end":{"line":83,"column":44}},"20":{"start":{"line":87,"column":6},"end":{"line":null,"column":-1}},"21":{"start":{"line":91,"column":9},"end":{"line":8,"column":0}},"22":{"start":{"line":91,"column":2},"end":{"line":91,"column":1}},"23":{"start":{"line":92,"column":4},"end":{"line":92,"column":3}},"24":{"start":{"line":93,"column":6},"end":{"line":null,"column":-1}},"25":{"start":{"line":96,"column":10},"end":{"line":96,"column":20}},"26":{"start":{"line":97,"column":10},"end":{"line":97,"column":20}},"27":{"start":{"line":98,"column":4},"end":{"line":null,"column":-1}},"28":{"start":{"line":100,"column":6},"end":{"line":null,"column":-1}},"29":{"start":{"line":101,"column":8},"end":{"line":100,"column":46}},"30":{"start":{"line":102,"column":8},"end":{"line":null,"column":-1}},"31":{"start":{"line":107,"column":9},"end":{"line":8,"column":0}},"32":{"start":{"line":108,"column":10},"end":{"line":108,"column":22}},"33":{"start":{"line":110,"column":4},"end":{"line":null,"column":-1}},"34":{"start":{"line":111,"column":6},"end":{"line":110,"column":44}},"35":{"start":{"line":112,"column":6},"end":{"line":110,"column":44}},"36":{"start":{"line":113,"column":6},"end":{"line":null,"column":-1}},"37":{"start":{"line":117,"column":9},"end":{"line":8,"column":0}},"38":{"start":{"line":118,"column":4},"end":{"line":118,"column":22}},"39":{"start":{"line":120,"column":0},"end":{"line":null,"column":-1}}},"fnMap":{"0":{"name":"(anonymous_5)","decl":{"start":{"line":8,"column":0},"end":{"line":8,"column":-1}},"loc":{"start":{"line":8,"column":0},"end":{"line":8,"column":-1}}},"1":{"name":"IceCreamShop","decl":{"start":{"line":9,"column":2},"end":{"line":9,"column":1}},"loc":{"start":{"line":9,"column":39},"end":{"line":8,"column":0}}},"2":{"name":"(anonymous_7)","decl":{"start":{"line":21,"column":2},"end":{"line":21,"column":1}},"loc":{"start":{"line":21,"column":2},"end":{"line":21,"column":9}}},"3":{"name":"(anonymous_8)","decl":{"start":{"line":23,"column":46},"end":{"line":23,"column":46}},"loc":{"start":{"line":23,"column":65},"end":{"line":23,"column":4}}},"4":{"name":"(anonymous_9)","decl":{"start":{"line":24,"column":20},"end":{"line":24,"column":20}},"loc":{"start":{"line":24,"column":46},"end":{"line":24,"column":6}}},"5":{"name":"(anonymous_10)","decl":{"start":{"line":32,"column":2},"end":{"line":32,"column":1}},"loc":{"start":{"line":32,"column":2},"end":{"line":32,"column":9}}},"6":{"name":"(anonymous_11)","decl":{"start":{"line":42,"column":61},"end":{"line":42,"column":54}},"loc":{"start":{"line":42,"column":66},"end":{"line":37,"column":12}}},"7":{"name":"(anonymous_12)","decl":{"start":{"line":81,"column":2},"end":{"line":81,"column":22}},"loc":{"start":{"line":81,"column":41},"end":{"line":81,"column":9}}},"8":{"name":"(anonymous_13)","decl":{"start":{"line":83,"column":18},"end":{"line":83,"column":18}},"loc":{"start":{"line":83,"column":44},"end":{"line":83,"column":4}}},"9":{"name":"(anonymous_14)","decl":{"start":{"line":91,"column":2},"end":{"line":91,"column":1}},"loc":{"start":{"line":91,"column":2},"end":{"line":91,"column":9}}},"10":{"name":"(anonymous_15)","decl":{"start":{"line":98,"column":61},"end":{"line":98,"column":60}},"loc":{"start":{"line":98,"column":67},"end":{"line":98,"column":4}}},"11":{"name":"(anonymous_16)","decl":{"start":{"line":100,"column":20},"end":{"line":100,"column":20}},"loc":{"start":{"line":100,"column":46},"end":{"line":100,"column":6}}},"12":{"name":"(anonymous_17)","decl":{"start":{"line":107,"column":2},"end":{"line":107,"column":30}},"loc":{"start":{"line":107,"column":60},"end":{"line":107,"column":9}}},"13":{"name":"(anonymous_18)","decl":{"start":{"line":110,"column":18},"end":{"line":110,"column":18}},"loc":{"start":{"line":110,"column":44},"end":{"line":110,"column":4}}},"14":{"name":"(anonymous_19)","decl":{"start":{"line":117,"column":2},"end":{"line":117,"column":1}},"loc":{"start":{"line":117,"column":2},"end":{"line":117,"column":9}}}},"branchMap":{"0":{"loc":{"start":{"line":9,"column":2},"end":{"line":10,"column":3}},"type":"binary-expr","locations":[{"start":{"line":9,"column":2},"end":{"line":10,"column":3}},{"start":{"line":9,"column":2},"end":{"line":10,"column":3}}]},"1":{"loc":{"start":{"line":41,"column":18},"end":{"line":41,"column":22}},"type":"binary-expr","locations":[{"start":{"line":41,"column":18},"end":{"line":41,"column":22}},{"start":{"line":42,"column":29},"end":{"line":37,"column":12}}]},"2":{"loc":{"start":{"line":57,"column":15},"end":{"line":57,"column":19}},"type":"binary-expr","locations":[{"start":{"line":57,"column":15},"end":{"line":57,"column":19}},{"start":{"line":59,"column":16},"end":{"line":37,"column":12}}]},"3":{"loc":{"start":{"line":73,"column":15},"end":{"line":73,"column":19}},"type":"binary-expr","locations":[{"start":{"line":73,"column":15},"end":{"line":73,"column":19}},{"start":{"line":73,"column":15},"end":{"line":33,"column":4}}]},"4":{"loc":{"start":{"line":92,"column":4},"end":{"line":92,"column":3}},"type":"if","locations":[{"start":{"line":92,"column":4},"end":{"line":92,"column":3}},{"start":{"line":92,"column":4},"end":{"line":92,"column":3}}]},"5":{"loc":{"start":{"line":118,"column":11},"end":{"line":118,"column":15}},"type":"binary-expr","locations":[{"start":{"line":118,"column":11},"end":{"line":118,"column":15}},{"start":{"line":118,"column":11},"end":{"line":118,"column":10}}]}},"s":{"0":5,"1":5,"2":5,"3":5,"4":14,"5":5,"6":14,"7":14,"8":14,"9":14,"10":14,"11":5,"12":39,"13":39,"14":100,"15":5,"16":4,"17":4,"18":4,"19":4,"20":4,"21":5,"22":0,"23":0,"24":0,"25":0,"26":0,"27":0,"28":0,"29":0,"30":0,"31":5,"32":2,"33":2,"34":2,"35":2,"36":2,"37":5,"38":2,"39":5},"f":{"0":5,"1":14,"2":14,"3":14,"4":14,"5":39,"6":100,"7":4,"8":4,"9":0,"10":0,"11":0,"12":2,"13":2,"14":2},"b":{"0":[14,14],"1":[39,39],"2":[39,9],"3":[39,0],"4":[0,0],"5":[2,1]}}
,"C:\\Projects\\spfx-react-jest-testing\\src\\webparts\\iceCreamShop\\iceCreamProviders\\IceCreamFakeProvider.ts": {"path":"C:\\Projects\\spfx-react-jest-testing\\src\\webparts\\iceCreamShop\\iceCreamProviders\\IceCreamFakeProvider.ts","statementMap":{"0":{"start":{"line":4,"column":0},"end":{"line":4,"column":-1}},"1":{"start":{"line":6,"column":11},"end":{"line":4,"column":0}},"2":{"start":{"line":8,"column":8},"end":{"line":null,"column":-1}},"3":{"start":{"line":17,"column":12},"end":{"line":null,"column":-1}},"4":{"start":{"line":21,"column":11},"end":{"line":4,"column":0}},"5":{"start":{"line":23,"column":8},"end":{"line":23,"column":40}},"6":{"start":{"line":23,"column":40},"end":{"line":23,"column":43}},"7":{"start":{"line":25,"column":0},"end":{"line":null,"column":-1}},"8":{"start":{"line":4,"column":13},"end":{"line":null,"column":-1}}},"fnMap":{"0":{"name":"(anonymous_0)","decl":{"start":{"line":4,"column":0},"end":{"line":4,"column":-1}},"loc":{"start":{"line":4,"column":0},"end":{"line":4,"column":-1}}},"1":{"name":"(anonymous_2)","decl":{"start":{"line":6,"column":4},"end":{"line":6,"column":3}},"loc":{"start":{"line":6,"column":4},"end":{"line":6,"column":11}}},"2":{"name":"(anonymous_3)","decl":{"start":{"line":8,"column":44},"end":{"line":8,"column":43}},"loc":{"start":{"line":8,"column":51},"end":{"line":8,"column":15}}},"3":{"name":"(anonymous_4)","decl":{"start":{"line":21,"column":4},"end":{"line":21,"column":14}},"loc":{"start":{"line":21,"column":49},"end":{"line":21,"column":11}}},"4":{"name":"(anonymous_5)","decl":{"start":{"line":23,"column":33},"end":{"line":23,"column":32}},"loc":{"start":{"line":23,"column":40},"end":{"line":23,"column":43}}}},"branchMap":{},"s":{"0":5,"1":5,"2":14,"3":14,"4":5,"5":0,"6":0,"7":5,"8":5},"f":{"0":19,"1":14,"2":14,"3":0,"4":0},"b":{}}
}
