{"C:\\Projects\\spfx-react-jest-testing\\src\\webparts\\reactJest\\components\\ReactJest.tsx": {"path":"C:\\Projects\\spfx-react-jest-testing\\src\\webparts\\reactJest\\components\\ReactJest.tsx","statementMap":{"0":{"start":{"line":1,"column":0},"end":{"line":1,"column":-1}},"1":{"start":{"line":2,"column":0},"end":{"line":2,"column":-1}},"2":{"start":{"line":5,"column":0},"end":{"line":5,"column":-1}},"3":{"start":{"line":5,"column":39},"end":{"line":null,"column":-1}},"4":{"start":{"line":7,"column":9},"end":{"line":5,"column":0}},"5":{"start":{"line":8,"column":4},"end":{"line":12,"column":5}},"6":{"start":{"line":9,"column":6},"end":{"line":null,"column":-1}},"7":{"start":{"line":11,"column":6},"end":{"line":null,"column":-1}},"8":{"start":{"line":14,"column":9},"end":{"line":5,"column":0}},"9":{"start":{"line":15,"column":4},"end":{"line":null,"column":-1}},"10":{"start":{"line":21,"column":0},"end":{"line":null,"column":-1}}},"fnMap":{"0":{"name":"(anonymous_5)","decl":{"start":{"line":5,"column":0},"end":{"line":5,"column":-1}},"loc":{"start":{"line":5,"column":0},"end":{"line":5,"column":-1}}},"1":{"name":"(anonymous_7)","decl":{"start":{"line":7,"column":2},"end":{"line":7,"column":1}},"loc":{"start":{"line":7,"column":2},"end":{"line":7,"column":9}}},"2":{"name":"(anonymous_8)","decl":{"start":{"line":14,"column":2},"end":{"line":14,"column":1}},"loc":{"start":{"line":14,"column":2},"end":{"line":14,"column":9}}}},"branchMap":{"0":{"loc":{"start":{"line":8,"column":4},"end":{"line":12,"column":5}},"type":"if","locations":[{"start":{"line":8,"column":4},"end":{"line":12,"column":5}},{"start":{"line":8,"column":4},"end":{"line":12,"column":5}}]}},"s":{"0":1,"1":1,"2":1,"3":1,"4":1,"5":1,"6":0,"7":1,"8":1,"9":1,"10":1},"f":{"0":2,"1":1,"2":1},"b":{"0":[0,1]}}
}
