TN:
SF:C:\Projects\spfx-react-jest-testing\src\webparts\iceCreamShop\components\IceCreamShop.tsx
FN:8,(anonymous_5)
FN:9,IceCreamShop
FN:21,(anonymous_7)
FN:23,(anonymous_8)
FN:24,(anonymous_9)
FN:32,(anonymous_10)
FN:42,(anonymous_11)
FN:81,(anonymous_12)
FN:83,(anonymous_13)
FN:91,(anonymous_14)
FN:98,(anonymous_15)
FN:100,(anonymous_16)
FN:107,(anonymous_17)
FN:110,(anonymous_18)
FN:117,(anonymous_19)
FNF:15
FNH:12
FNDA:5,(anonymous_5)
FNDA:14,IceCreamShop
FNDA:14,(anonymous_7)
FNDA:14,(anonymous_8)
FNDA:14,(anonymous_9)
FNDA:39,(anonymous_10)
FNDA:100,(anonymous_11)
FNDA:4,(anonymous_12)
FNDA:4,(anonymous_13)
FNDA:0,(anonymous_14)
FNDA:0,(anonymous_15)
FNDA:0,(anonymous_16)
FNDA:2,(anonymous_17)
FNDA:2,(anonymous_18)
FNDA:2,(anonymous_19)
DA:1,5
DA:2,5
DA:8,5
DA:9,14
DA:21,14
DA:23,14
DA:24,14
DA:26,14
DA:27,14
DA:32,39
DA:33,39
DA:44,100
DA:81,5
DA:83,4
DA:84,4
DA:85,4
DA:86,4
DA:87,4
DA:91,5
DA:92,0
DA:93,0
DA:96,0
DA:97,0
DA:98,0
DA:100,0
DA:101,0
DA:102,0
DA:107,5
DA:108,2
DA:110,2
DA:111,2
DA:112,2
DA:113,2
DA:117,5
DA:118,2
DA:120,5
LF:36
LH:28
BRDA:9,0,0,14
BRDA:9,0,1,14
BRDA:41,1,0,39
BRDA:41,1,1,39
BRDA:57,2,0,39
BRDA:57,2,1,9
BRDA:73,3,0,39
BRDA:73,3,1,0
BRDA:92,4,0,0
BRDA:92,4,1,0
BRDA:118,5,0,2
BRDA:118,5,1,1
BRF:12
BRH:9
end_of_record
TN:
SF:C:\Projects\spfx-react-jest-testing\src\webparts\iceCreamShop\iceCreamProviders\IceCreamFakeProvider.ts
FN:4,(anonymous_0)
FN:6,(anonymous_2)
FN:8,(anonymous_3)
FN:21,(anonymous_4)
FN:23,(anonymous_5)
FNF:5
FNH:3
FNDA:19,(anonymous_0)
FNDA:14,(anonymous_2)
FNDA:14,(anonymous_3)
FNDA:0,(anonymous_4)
FNDA:0,(anonymous_5)
DA:4,5
DA:6,5
DA:8,14
DA:17,14
DA:21,5
DA:23,0
DA:25,5
LF:7
LH:6
BRF:0
BRH:0
end_of_record
