TN:
SF:C:\Projects\spfx-react-jest-testing\src\webparts\iceCreamShop\components\IceCreamShop.tsx
FN:8,(anonymous_5)
FN:9,IceCreamShop
FN:21,(anonymous_7)
FN:23,(anonymous_8)
FN:24,(anonymous_9)
FN:32,(anonymous_10)
FN:42,(anonymous_11)
FN:81,(anonymous_12)
FN:83,(anonymous_13)
FN:91,(anonymous_14)
FN:97,(anonymous_15)
FN:99,(anonymous_16)
FN:106,(anonymous_17)
FN:109,(anonymous_18)
FN:116,(anonymous_19)
FNF:15
FNH:7
FNDA:2,(anonymous_5)
FNDA:6,IceCreamShop
FNDA:6,(anonymous_7)
FNDA:6,(anonymous_8)
FNDA:6,(anonymous_9)
FNDA:12,(anonymous_10)
FNDA:24,(anonymous_11)
FNDA:0,(anonymous_12)
FNDA:0,(anonymous_13)
FNDA:0,(anonymous_14)
FNDA:0,(anonymous_15)
FNDA:0,(anonymous_16)
FNDA:0,(anonymous_17)
FNDA:0,(anonymous_18)
FNDA:0,(anonymous_19)
DA:1,2
DA:2,2
DA:8,2
DA:9,6
DA:21,6
DA:23,6
DA:24,6
DA:26,6
DA:27,6
DA:32,12
DA:33,12
DA:44,24
DA:81,2
DA:83,0
DA:84,0
DA:85,0
DA:86,0
DA:87,0
DA:91,2
DA:93,0
DA:95,0
DA:96,0
DA:97,0
DA:99,0
DA:100,0
DA:101,0
DA:106,2
DA:107,0
DA:109,0
DA:110,0
DA:111,0
DA:112,0
DA:116,2
DA:117,0
DA:121,2
LF:35
LH:17
BRDA:9,0,0,6
BRDA:9,0,1,6
BRDA:41,1,0,12
BRDA:41,1,1,12
BRDA:57,2,0,12
BRDA:57,2,1,0
BRDA:73,3,0,12
BRDA:73,3,1,0
BRDA:93,4,0,0
BRDA:93,4,1,0
BRDA:117,5,0,0
BRDA:117,5,1,0
BRDA:117,5,2,0
BRF:13
BRH:6
end_of_record
TN:
SF:C:\Projects\spfx-react-jest-testing\src\webparts\iceCreamShop\iceCreamProviders\IceCreamFakeProvider.ts
FN:4,(anonymous_0)
FN:6,(anonymous_2)
FN:8,(anonymous_3)
FN:24,(anonymous_4)
FN:26,(anonymous_5)
FNF:5
FNH:3
FNDA:8,(anonymous_0)
FNDA:6,(anonymous_2)
FNDA:6,(anonymous_3)
FNDA:0,(anonymous_4)
FNDA:0,(anonymous_5)
DA:4,2
DA:6,2
DA:8,6
DA:24,2
DA:26,0
DA:31,0
DA:34,2
LF:7
LH:5
BRF:0
BRH:0
end_of_record
