{"C:\\Projects\\spfx-react-jest-testing\\src\\webparts\\iceCreamShop\\components\\IceCreamShop.tsx": {"path":"C:\\Projects\\spfx-react-jest-testing\\src\\webparts\\iceCreamShop\\components\\IceCreamShop.tsx","statementMap":{"0":{"start":{"line":1,"column":0},"end":{"line":1,"column":30}},"1":{"start":{"line":2,"column":0},"end":{"line":2,"column":47}},"2":{"start":{"line":8,"column":0},"end":{"line":8,"column":57}},"3":{"start":{"line":8,"column":42},"end":{"line":8,"column":97}},"4":{"start":{"line":10,"column":4},"end":{"line":10,"column":16}},"5":{"start":{"line":12,"column":4},"end":{"line":18,"column":6}},"6":{"start":{"line":21,"column":9},"end":{"line":30,"column":3}},"7":{"start":{"line":21,"column":2},"end":{"line":30,"column":2}},"8":{"start":{"line":23,"column":4},"end":{"line":29,"column":7}},"9":{"start":{"line":24,"column":6},"end":{"line":28,"column":9}},"10":{"start":{"line":26,"column":8},"end":{"line":26,"column":44}},"11":{"start":{"line":27,"column":8},"end":{"line":27,"column":21}},"12":{"start":{"line":32,"column":9},"end":{"line":79,"column":3}},"13":{"start":{"line":32,"column":2},"end":{"line":79,"column":2}},"14":{"start":{"line":33,"column":4},"end":{"line":78,"column":6}},"15":{"start":{"line":44,"column":20},"end":{"line":52,"column":27}},"16":{"start":{"line":81,"column":9},"end":{"line":89,"column":3}},"17":{"start":{"line":83,"column":4},"end":{"line":88,"column":7}},"18":{"start":{"line":84,"column":6},"end":{"line":84,"column":40}},"19":{"start":{"line":85,"column":6},"end":{"line":85,"column":97}},"20":{"start":{"line":86,"column":6},"end":{"line":86,"column":38}},"21":{"start":{"line":87,"column":6},"end":{"line":87,"column":19}},"22":{"start":{"line":91,"column":9},"end":{"line":105,"column":3}},"23":{"start":{"line":91,"column":2},"end":{"line":105,"column":2}},"24":{"start":{"line":92,"column":4},"end":{"line":94,"column":5}},"25":{"start":{"line":93,"column":6},"end":{"line":93,"column":13}},"26":{"start":{"line":96,"column":21},"end":{"line":96,"column":57}},"27":{"start":{"line":97,"column":21},"end":{"line":97,"column":40}},"28":{"start":{"line":98,"column":4},"end":{"line":104,"column":7}},"29":{"start":{"line":100,"column":6},"end":{"line":103,"column":9}},"30":{"start":{"line":101,"column":8},"end":{"line":101,"column":39}},"31":{"start":{"line":102,"column":8},"end":{"line":102,"column":21}},"32":{"start":{"line":107,"column":9},"end":{"line":115,"column":3}},"33":{"start":{"line":108,"column":23},"end":{"line":108,"column":41}},"34":{"start":{"line":110,"column":4},"end":{"line":114,"column":7}},"35":{"start":{"line":111,"column":6},"end":{"line":111,"column":34}},"36":{"start":{"line":112,"column":6},"end":{"line":112,"column":93}},"37":{"start":{"line":113,"column":6},"end":{"line":113,"column":19}},"38":{"start":{"line":117,"column":9},"end":{"line":119,"column":3}},"39":{"start":{"line":118,"column":4},"end":{"line":118,"column":75}},"40":{"start":{"line":120,"column":0},"end":{"line":120,"column":1}}},"fnMap":{"0":{"name":"(anonymous_5)","decl":{"start":{"line":8,"column":0},"end":{"line":null,"column":-1}},"loc":{"start":{"line":8,"column":0},"end":{"line":8,"column":-1}}},"1":{"name":"IceCreamShop","decl":{"start":{"line":9,"column":2},"end":{"line":9,"column":13}},"loc":{"start":{"line":9,"column":39},"end":{"line":19,"column":3}}},"2":{"name":"(anonymous_7)","decl":{"start":{"line":21,"column":2},"end":{"line":null,"column":-1}},"loc":{"start":{"line":21,"column":2},"end":{"line":30,"column":3}}},"3":{"name":"(anonymous_8)","decl":{"start":{"line":23,"column":46},"end":{"line":23,"column":46}},"loc":{"start":{"line":23,"column":65},"end":{"line":29,"column":5}}},"4":{"name":"(anonymous_9)","decl":{"start":{"line":24,"column":20},"end":{"line":24,"column":20}},"loc":{"start":{"line":24,"column":46},"end":{"line":28,"column":7}}},"5":{"name":"(anonymous_10)","decl":{"start":{"line":32,"column":2},"end":{"line":null,"column":-1}},"loc":{"start":{"line":32,"column":2},"end":{"line":79,"column":3}}},"6":{"name":"(anonymous_11)","decl":{"start":{"line":42,"column":54},"end":{"line":42,"column":54}},"loc":{"start":{"line":42,"column":66},"end":{"line":53,"column":19}}},"7":{"name":"(anonymous_12)","decl":{"start":{"line":81,"column":2},"end":{"line":81,"column":22}},"loc":{"start":{"line":81,"column":41},"end":{"line":89,"column":3}}},"8":{"name":"(anonymous_13)","decl":{"start":{"line":83,"column":18},"end":{"line":83,"column":18}},"loc":{"start":{"line":83,"column":44},"end":{"line":88,"column":5}}},"9":{"name":"(anonymous_14)","decl":{"start":{"line":91,"column":2},"end":{"line":null,"column":-1}},"loc":{"start":{"line":91,"column":2},"end":{"line":105,"column":3}}},"10":{"name":"(anonymous_15)","decl":{"start":{"line":98,"column":61},"end":{"line":98,"column":60}},"loc":{"start":{"line":98,"column":67},"end":{"line":104,"column":5}}},"11":{"name":"(anonymous_16)","decl":{"start":{"line":100,"column":20},"end":{"line":100,"column":20}},"loc":{"start":{"line":100,"column":46},"end":{"line":103,"column":7}}},"12":{"name":"(anonymous_17)","decl":{"start":{"line":107,"column":2},"end":{"line":107,"column":30}},"loc":{"start":{"line":107,"column":60},"end":{"line":115,"column":3}}},"13":{"name":"(anonymous_18)","decl":{"start":{"line":110,"column":18},"end":{"line":110,"column":18}},"loc":{"start":{"line":110,"column":44},"end":{"line":114,"column":5}}},"14":{"name":"(anonymous_19)","decl":{"start":{"line":117,"column":2},"end":{"line":null,"column":-1}},"loc":{"start":{"line":117,"column":2},"end":{"line":119,"column":3}}}},"branchMap":{"0":{"loc":{"start":{"line":10,"column":4},"end":{"line":10,"column":16}},"type":"binary-expr","locations":[{"start":{"line":10,"column":4},"end":{"line":10,"column":16}},{"start":{"line":10,"column":16},"end":{"line":19,"column":2}}]},"1":{"loc":{"start":{"line":41,"column":18},"end":{"line":41,"column":49}},"type":"binary-expr","locations":[{"start":{"line":41,"column":18},"end":{"line":41,"column":49}},{"start":{"line":42,"column":18},"end":{"line":53,"column":20}}]},"2":{"loc":{"start":{"line":57,"column":15},"end":{"line":57,"column":42}},"type":"binary-expr","locations":[{"start":{"line":57,"column":15},"end":{"line":57,"column":42}},{"start":{"line":59,"column":16},"end":{"line":70,"column":22}}]},"3":{"loc":{"start":{"line":73,"column":15},"end":{"line":73,"column":43}},"type":"binary-expr","locations":[{"start":{"line":73,"column":15},"end":{"line":73,"column":43}},{"start":{"line":73,"column":47},"end":{"line":73,"column":88}}]},"4":{"loc":{"start":{"line":92,"column":4},"end":{"line":94,"column":5}},"type":"if","locations":[{"start":{"line":92,"column":4},"end":{"line":94,"column":5}},{"start":{"line":92,"column":4},"end":{"line":94,"column":5}}]},"5":{"loc":{"start":{"line":118,"column":11},"end":{"line":118,"column":47}},"type":"binary-expr","locations":[{"start":{"line":118,"column":11},"end":{"line":118,"column":47}},{"start":{"line":118,"column":51},"end":{"line":118,"column":74}}]}},"s":{"0":6,"1":6,"2":6,"3":6,"4":18,"5":18,"6":6,"7":18,"8":18,"9":18,"10":18,"11":18,"12":6,"13":52,"14":52,"15":132,"16":6,"17":5,"18":5,"19":5,"20":5,"21":5,"22":6,"23":3,"24":3,"25":1,"26":2,"27":2,"28":2,"29":2,"30":2,"31":2,"32":6,"33":2,"34":2,"35":2,"36":2,"37":2,"38":6,"39":5,"40":6},"f":{"0":6,"1":18,"2":18,"3":18,"4":18,"5":52,"6":132,"7":5,"8":5,"9":3,"10":2,"11":2,"12":2,"13":2,"14":5},"b":{"0":[18,18],"1":[52,52],"2":[52,14],"3":[52,2],"4":[1,2],"5":[5,4]}}
,"C:\\Projects\\spfx-react-jest-testing\\src\\webparts\\iceCreamShop\\iceCreamProviders\\IceCreamFakeProvider.ts": {"path":"C:\\Projects\\spfx-react-jest-testing\\src\\webparts\\iceCreamShop\\iceCreamProviders\\IceCreamFakeProvider.ts","statementMap":{"0":{"start":{"line":4,"column":0},"end":{"line":25,"column":0}},"1":{"start":{"line":6,"column":11},"end":{"line":19,"column":5}},"2":{"start":{"line":8,"column":8},"end":{"line":18,"column":11}},"3":{"start":{"line":10,"column":23},"end":{"line":15,"column":27}},"4":{"start":{"line":17,"column":12},"end":{"line":17,"column":26}},"5":{"start":{"line":21,"column":11},"end":{"line":24,"column":5}},"6":{"start":{"line":23,"column":8},"end":{"line":23,"column":55}},"7":{"start":{"line":23,"column":44},"end":{"line":23,"column":53}},"8":{"start":{"line":25,"column":0},"end":{"line":25,"column":1}},"9":{"start":{"line":4,"column":13},"end":{"line":4,"column":33}}},"fnMap":{"0":{"name":"(anonymous_0)","decl":{"start":{"line":4,"column":0},"end":{"line":null,"column":-1}},"loc":{"start":{"line":4,"column":0},"end":{"line":4,"column":-1}}},"1":{"name":"(anonymous_2)","decl":{"start":{"line":6,"column":4},"end":{"line":null,"column":-1}},"loc":{"start":{"line":6,"column":4},"end":{"line":19,"column":5}}},"2":{"name":"(anonymous_3)","decl":{"start":{"line":8,"column":44},"end":{"line":8,"column":43}},"loc":{"start":{"line":8,"column":51},"end":{"line":18,"column":9}}},"3":{"name":"(anonymous_4)","decl":{"start":{"line":21,"column":4},"end":{"line":21,"column":14}},"loc":{"start":{"line":21,"column":49},"end":{"line":24,"column":5}}},"4":{"name":"(anonymous_5)","decl":{"start":{"line":23,"column":33},"end":{"line":23,"column":32}},"loc":{"start":{"line":23,"column":40},"end":{"line":23,"column":53}}}},"branchMap":{},"s":{"0":5,"1":5,"2":16,"3":16,"4":16,"5":5,"6":1,"7":1,"8":5,"9":5},"f":{"0":21,"1":16,"2":16,"3":1,"4":1},"b":{}}
,"C:\\Projects\\spfx-react-jest-testing\\src\\webparts\\iceCreamShop\\iceCreamProviders\\IceCreamPnPJsProvider.ts": {"path":"C:\\Projects\\spfx-react-jest-testing\\src\\webparts\\iceCreamShop\\iceCreamProviders\\IceCreamPnPJsProvider.ts","statementMap":{"0":{"start":{"line":5,"column":0},"end":{"line":46,"column":0}},"1":{"start":{"line":10,"column":8},"end":{"line":10,"column":21}},"2":{"start":{"line":13,"column":11},"end":{"line":33,"column":5}},"3":{"start":{"line":13,"column":4},"end":{"line":33,"column":4}},"4":{"start":{"line":15,"column":8},"end":{"line":32,"column":11}},"5":{"start":{"line":17,"column":39},"end":{"line":21,"column":28}},"6":{"start":{"line":23,"column":12},"end":{"line":31,"column":45}},"7":{"start":{"line":25,"column":31},"end":{"line":25,"column":33}},"8":{"start":{"line":26,"column":16},"end":{"line":28,"column":17}},"9":{"start":{"line":26,"column":31},"end":{"line":26,"column":30}},"10":{"start":{"line":27,"column":20},"end":{"line":27,"column":133}},"11":{"start":{"line":30,"column":16},"end":{"line":30,"column":32}},"12":{"start":{"line":31,"column":30},"end":{"line":31,"column":43}},"13":{"start":{"line":35,"column":11},"end":{"line":45,"column":5}},"14":{"start":{"line":35,"column":4},"end":{"line":45,"column":4}},"15":{"start":{"line":37,"column":8},"end":{"line":44,"column":11}},"16":{"start":{"line":38,"column":12},"end":{"line":43,"column":47}},"17":{"start":{"line":42,"column":32},"end":{"line":42,"column":41}},"18":{"start":{"line":43,"column":32},"end":{"line":43,"column":45}},"19":{"start":{"line":46,"column":0},"end":{"line":46,"column":1}},"20":{"start":{"line":5,"column":13},"end":{"line":5,"column":34}}},"fnMap":{"0":{"name":"(anonymous_0)","decl":{"start":{"line":5,"column":0},"end":{"line":null,"column":-1}},"loc":{"start":{"line":5,"column":0},"end":{"line":5,"column":-1}}},"1":{"name":"IceCreamPnPJsProvider","decl":{"start":{"line":9,"column":4},"end":{"line":9,"column":15}},"loc":{"start":{"line":9,"column":26},"end":{"line":11,"column":5}}},"2":{"name":"(anonymous_2)","decl":{"start":{"line":13,"column":4},"end":{"line":null,"column":-1}},"loc":{"start":{"line":13,"column":4},"end":{"line":33,"column":5}}},"3":{"name":"(anonymous_3)","decl":{"start":{"line":15,"column":39},"end":{"line":15,"column":39}},"loc":{"start":{"line":15,"column":55},"end":{"line":32,"column":9}}},"4":{"name":"(anonymous_4)","decl":{"start":{"line":23,"column":39},"end":{"line":23,"column":39}},"loc":{"start":{"line":23,"column":68},"end":{"line":31,"column":13}}},"5":{"name":"(anonymous_5)","decl":{"start":{"line":31,"column":21},"end":{"line":31,"column":20}},"loc":{"start":{"line":31,"column":26},"end":{"line":31,"column":43}}},"6":{"name":"(anonymous_6)","decl":{"start":{"line":35,"column":4},"end":{"line":35,"column":14}},"loc":{"start":{"line":35,"column":49},"end":{"line":45,"column":5}}},"7":{"name":"(anonymous_7)","decl":{"start":{"line":37,"column":32},"end":{"line":37,"column":32}},"loc":{"start":{"line":37,"column":48},"end":{"line":44,"column":9}}},"8":{"name":"(anonymous_8)","decl":{"start":{"line":42,"column":22},"end":{"line":42,"column":21}},"loc":{"start":{"line":42,"column":28},"end":{"line":42,"column":41}}},"9":{"name":"(anonymous_9)","decl":{"start":{"line":43,"column":23},"end":{"line":43,"column":22}},"loc":{"start":{"line":43,"column":28},"end":{"line":43,"column":45}}}},"branchMap":{},"s":{"0":2,"1":4,"2":2,"3":1,"4":1,"5":1,"6":1,"7":1,"8":1,"9":3,"10":3,"11":1,"12":0,"13":2,"14":1,"15":1,"16":1,"17":1,"18":0,"19":2,"20":2},"f":{"0":2,"1":4,"2":1,"3":1,"4":1,"5":0,"6":1,"7":1,"8":1,"9":0},"b":{}}
}
